
*** Running vivado
    with args -log Binary_Perception_Game_Top.vds -m64 -product Vivado -mode batch -messageDb vivado.pb -notrace -source Binary_Perception_Game_Top.tcl



****** Vivado v2025.2 (64-bit)
  **** SW Build 6299465 on Fri Nov 14 19:35:11 GMT 2025
  **** IP Build 6300035 on Fri Nov 14 10:48:45 MST 2025
  **** SharedData Build 6298862 on Thu Nov 13 04:50:51 MST 2025
  **** Start of session at: Wed Apr 22 19:16:58 2026
    ** Copyright 1986-2022 Xilinx, Inc. All Rights Reserved.
    ** Copyright 2022-2025 Advanced Micro Devices, Inc. All Rights Reserved.

source Binary_Perception_Game_Top.tcl -notrace
Command: read_checkpoint -auto_incremental -incremental C:/Users/271012/Downloads/Binary_Perception_Game/Binary_Perception_Game.srcs/utils_1/imports/synth_1/debounce.dcp
INFO: [Vivado 12-5825] Read reference checkpoint from C:/Users/271012/Downloads/Binary_Perception_Game/Binary_Perception_Game.srcs/utils_1/imports/synth_1/debounce.dcp for incremental synthesis
INFO: [Vivado 12-7989] Please ensure there are no constraint changes
Command: synth_design -top Binary_Perception_Game_Top -part xc7a50ticsg324-1L
Starting synth_design
Attempting to get a license for feature 'Synthesis' and/or device 'xc7a50ti'
INFO: [Common 17-349] Got license for feature 'Synthesis' and/or device 'xc7a50ti'
INFO: [Device 21-403] Loading part xc7a50ticsg324-1L
INFO: [Designutils 20-5440] No compile time benefit to using incremental synthesis; A full resynthesis will be run
INFO: [Designutils 20-4379] Flow is switching to default flow due to incremental criteria not met. If you would like to alter this behaviour and have the flow terminate instead, please set the following parameter config_implementation {autoIncr.Synth.RejectBehavior Terminate}
INFO: [Synth 8-7079] Multithreading enabled for synth_design using a maximum of 2 processes.
INFO: [Synth 8-7078] Launching helper process for spawning children vivado processes
INFO: [Synth 8-7075] Helper process launched with PID 10948
---------------------------------------------------------------------------------
Starting RTL Elaboration : Time (s): cpu = 00:00:03 ; elapsed = 00:00:04 . Memory (MB): peak = 1293.309 ; gain = 541.355
---------------------------------------------------------------------------------
INFO: [Synth 8-638] synthesizing module 'Binary_Perception_Game_Top' [C:/Users/271012/Downloads/Binary_Perception_Game/Binary_Perception_Game.srcs/sources_1/new/Binary_Perception_Game.vhd:19]
INFO: [Synth 8-3491] module 'clk_en' declared at 'C:/Users/271012/Downloads/Binary_Perception_Game/Binary_Perception_Game.srcs/sources_1/imports/Documents/counter/counter.srcs/sources_1/new/clk_en.vhd:34' bound to instance 'Inst_Clock' of component 'clk_en' [C:/Users/271012/Downloads/Binary_Perception_Game/Binary_Perception_Game.srcs/sources_1/new/Binary_Perception_Game.vhd:111]
INFO: [Synth 8-638] synthesizing module 'clk_en' [C:/Users/271012/Downloads/Binary_Perception_Game/Binary_Perception_Game.srcs/sources_1/imports/Documents/counter/counter.srcs/sources_1/new/clk_en.vhd:40]
INFO: [Synth 8-256] done synthesizing module 'clk_en' (0#1) [C:/Users/271012/Downloads/Binary_Perception_Game/Binary_Perception_Game.srcs/sources_1/imports/Documents/counter/counter.srcs/sources_1/new/clk_en.vhd:40]
INFO: [Synth 8-3491] module 'debounce' declared at 'C:/Users/271012/Downloads/Binary_Perception_Game/Binary_Perception_Game.srcs/sources_1/imports/Documents/debounce/debounce.srcs/sources_1/new/debounce.vhd:34' bound to instance 'Inst_Debounce' of component 'debounce' [C:/Users/271012/Downloads/Binary_Perception_Game/Binary_Perception_Game.srcs/sources_1/new/Binary_Perception_Game.vhd:117]
INFO: [Synth 8-638] synthesizing module 'debounce' [C:/Users/271012/Downloads/Binary_Perception_Game/Binary_Perception_Game.srcs/sources_1/imports/Documents/debounce/debounce.srcs/sources_1/new/debounce.vhd:41]
INFO: [Synth 8-256] done synthesizing module 'debounce' (0#1) [C:/Users/271012/Downloads/Binary_Perception_Game/Binary_Perception_Game.srcs/sources_1/imports/Documents/debounce/debounce.srcs/sources_1/new/debounce.vhd:41]
INFO: [Synth 8-3491] module 'counter' declared at 'C:/Users/271012/Downloads/Binary_Perception_Game/Binary_Perception_Game.srcs/sources_1/imports/Documents/counter/counter.srcs/sources_1/new/counter.vhd:7' bound to instance 'Inst_Random' of component 'counter' [C:/Users/271012/Downloads/Binary_Perception_Game/Binary_Perception_Game.srcs/sources_1/new/Binary_Perception_Game.vhd:123]
INFO: [Synth 8-638] synthesizing module 'counter' [C:/Users/271012/Downloads/Binary_Perception_Game/Binary_Perception_Game.srcs/sources_1/imports/Documents/counter/counter.srcs/sources_1/new/counter.vhd:17]
INFO: [Synth 8-256] done synthesizing module 'counter' (0#1) [C:/Users/271012/Downloads/Binary_Perception_Game/Binary_Perception_Game.srcs/sources_1/imports/Documents/counter/counter.srcs/sources_1/new/counter.vhd:17]
INFO: [Synth 8-3491] module 'Main_Game_logic' declared at 'C:/Users/271012/Downloads/Binary_Perception_Game/Binary_Perception_Game.srcs/sources_1/new/Main_Game_logic.vhd:5' bound to instance 'Inst_Game' of component 'Main_Game_logic' [C:/Users/271012/Downloads/Binary_Perception_Game/Binary_Perception_Game.srcs/sources_1/new/Binary_Perception_Game.vhd:129]
INFO: [Synth 8-638] synthesizing module 'Main_Game_logic' [C:/Users/271012/Downloads/Binary_Perception_Game/Binary_Perception_Game.srcs/sources_1/new/Main_Game_logic.vhd:20]
INFO: [Synth 8-256] done synthesizing module 'Main_Game_logic' (0#1) [C:/Users/271012/Downloads/Binary_Perception_Game/Binary_Perception_Game.srcs/sources_1/new/Main_Game_logic.vhd:20]
INFO: [Synth 8-3491] module 'bin_2_bcd' declared at 'C:/Users/271012/Downloads/Binary_Perception_Game/Binary_Perception_Game.srcs/sources_1/new/bin_2_bcd.vhd:5' bound to instance 'Inst_Bin2BCD_Target' of component 'bin_2_bcd' [C:/Users/271012/Downloads/Binary_Perception_Game/Binary_Perception_Game.srcs/sources_1/new/Binary_Perception_Game.vhd:142]
INFO: [Synth 8-638] synthesizing module 'bin_2_bcd' [C:/Users/271012/Downloads/Binary_Perception_Game/Binary_Perception_Game.srcs/sources_1/new/bin_2_bcd.vhd:12]
INFO: [Synth 8-256] done synthesizing module 'bin_2_bcd' (0#1) [C:/Users/271012/Downloads/Binary_Perception_Game/Binary_Perception_Game.srcs/sources_1/new/bin_2_bcd.vhd:12]
INFO: [Synth 8-3491] module 'Multiplexor' declared at 'C:/Users/271012/Downloads/Binary_Perception_Game/Binary_Perception_Game.srcs/sources_1/new/Multiplexor.vhd:34' bound to instance 'Inst_Mux' of component 'Multiplexor' [C:/Users/271012/Downloads/Binary_Perception_Game/Binary_Perception_Game.srcs/sources_1/new/Binary_Perception_Game.vhd:149]
INFO: [Synth 8-638] synthesizing module 'Multiplexor' [C:/Users/271012/Downloads/Binary_Perception_Game/Binary_Perception_Game.srcs/sources_1/new/Multiplexor.vhd:49]
INFO: [Synth 8-256] done synthesizing module 'Multiplexor' (0#1) [C:/Users/271012/Downloads/Binary_Perception_Game/Binary_Perception_Game.srcs/sources_1/new/Multiplexor.vhd:49]
INFO: [Synth 8-3491] module 'bin_2_seg' declared at 'C:/Users/271012/Downloads/Binary_Perception_Game/Binary_Perception_Game.srcs/sources_1/new/bin_2_seg.vhd:4' bound to instance 'Inst_Seg' of component 'bin_2_seg' [C:/Users/271012/Downloads/Binary_Perception_Game/Binary_Perception_Game.srcs/sources_1/new/Binary_Perception_Game.vhd:164]
INFO: [Synth 8-638] synthesizing module 'bin_2_seg' [C:/Users/271012/Downloads/Binary_Perception_Game/Binary_Perception_Game.srcs/sources_1/new/bin_2_seg.vhd:10]
INFO: [Synth 8-256] done synthesizing module 'bin_2_seg' (0#1) [C:/Users/271012/Downloads/Binary_Perception_Game/Binary_Perception_Game.srcs/sources_1/new/bin_2_seg.vhd:10]
INFO: [Synth 8-3491] module 'bin_2_bcd' declared at 'C:/Users/271012/Downloads/Binary_Perception_Game/Binary_Perception_Game.srcs/sources_1/new/bin_2_bcd.vhd:5' bound to instance 'Inst_BIN2BCD_SW' of component 'bin_2_bcd' [C:/Users/271012/Downloads/Binary_Perception_Game/Binary_Perception_Game.srcs/sources_1/new/Binary_Perception_Game.vhd:169]
INFO: [Synth 8-256] done synthesizing module 'Binary_Perception_Game_Top' (0#1) [C:/Users/271012/Downloads/Binary_Perception_Game/Binary_Perception_Game.srcs/sources_1/new/Binary_Perception_Game.vhd:19]
---------------------------------------------------------------------------------
Finished RTL Elaboration : Time (s): cpu = 00:00:04 ; elapsed = 00:00:05 . Memory (MB): peak = 1413.008 ; gain = 661.055
---------------------------------------------------------------------------------
---------------------------------------------------------------------------------
Start Handling Custom Attributes
---------------------------------------------------------------------------------
---------------------------------------------------------------------------------
Finished Handling Custom Attributes : Time (s): cpu = 00:00:04 ; elapsed = 00:00:05 . Memory (MB): peak = 1413.008 ; gain = 661.055
---------------------------------------------------------------------------------
---------------------------------------------------------------------------------
Finished RTL Optimization Phase 1 : Time (s): cpu = 00:00:04 ; elapsed = 00:00:05 . Memory (MB): peak = 1413.008 ; gain = 661.055
---------------------------------------------------------------------------------
Netlist sorting complete. Time (s): cpu = 00:00:00 ; elapsed = 00:00:00.001 . Memory (MB): peak = 1413.008 ; gain = 0.000
INFO: [Project 1-570] Preparing netlist for logic optimization

Processing XDC Constraints
Initializing timing engine
Parsing XDC File [C:/Users/271012/Downloads/Binary_Perception_Game/Binary_Perception_Game.srcs/constrs_1/new/nexys.xdc]
Finished Parsing XDC File [C:/Users/271012/Downloads/Binary_Perception_Game/Binary_Perception_Game.srcs/constrs_1/new/nexys.xdc]
INFO: [Project 1-236] Implementation specific constraints were found while reading constraint file [C:/Users/271012/Downloads/Binary_Perception_Game/Binary_Perception_Game.srcs/constrs_1/new/nexys.xdc]. These constraints will be ignored for synthesis but will be used in implementation. Impacted constraints are listed in the file [.Xil/Binary_Perception_Game_Top_propImpl.xdc].
Resolution: To avoid this warning, move constraints listed in [.Xil/Binary_Perception_Game_Top_propImpl.xdc] to another XDC file and exclude this new file from synthesis with the used_in_synthesis property (File Properties dialog in GUI) and re-run elaboration/synthesis.
Completed Processing XDC Constraints

Netlist sorting complete. Time (s): cpu = 00:00:00 ; elapsed = 00:00:00.001 . Memory (MB): peak = 1489.391 ; gain = 0.000
INFO: [Project 1-111] Unisim Transformation Summary:
No Unisim elements were transformed.

Constraint Validation Runtime : Time (s): cpu = 00:00:00 ; elapsed = 00:00:00.003 . Memory (MB): peak = 1489.391 ; gain = 0.000
INFO: [Designutils 20-5440] No compile time benefit to using incremental synthesis; A full resynthesis will be run
INFO: [Designutils 20-4379] Flow is switching to default flow due to incremental criteria not met. If you would like to alter this behaviour and have the flow terminate instead, please set the following parameter config_implementation {autoIncr.Synth.RejectBehavior Terminate}
---------------------------------------------------------------------------------
Finished Constraint Validation : Time (s): cpu = 00:00:09 ; elapsed = 00:00:10 . Memory (MB): peak = 1489.391 ; gain = 737.438
---------------------------------------------------------------------------------
---------------------------------------------------------------------------------
Start Loading Part and Timing Information
---------------------------------------------------------------------------------
Loading part: xc7a50ticsg324-1L
---------------------------------------------------------------------------------
Finished Loading Part and Timing Information : Time (s): cpu = 00:00:09 ; elapsed = 00:00:10 . Memory (MB): peak = 1489.391 ; gain = 737.438
---------------------------------------------------------------------------------
---------------------------------------------------------------------------------
Start Applying 'set_property' XDC Constraints
---------------------------------------------------------------------------------
---------------------------------------------------------------------------------
Finished applying 'set_property' XDC Constraints : Time (s): cpu = 00:00:09 ; elapsed = 00:00:10 . Memory (MB): peak = 1489.391 ; gain = 737.438
---------------------------------------------------------------------------------
INFO: [Synth 8-802] inferred FSM for state register 'state_reg' in module 'Main_Game_logic'
---------------------------------------------------------------------------------------------------
                   State |                     New Encoding |                Previous Encoding 
---------------------------------------------------------------------------------------------------
                  s_idle |                             0001 |                               00
                   s_gen |                             0010 |                               01
                   s_run |                             0100 |                               10
                   s_win |                             1000 |                               11
---------------------------------------------------------------------------------------------------
INFO: [Synth 8-3354] encoded FSM with state register 'state_reg' using encoding 'one-hot' in module 'Main_Game_logic'
---------------------------------------------------------------------------------
Finished RTL Optimization Phase 2 : Time (s): cpu = 00:00:10 ; elapsed = 00:00:10 . Memory (MB): peak = 1489.391 ; gain = 737.438
---------------------------------------------------------------------------------
---------------------------------------------------------------------------------
Start RTL Component Statistics 
---------------------------------------------------------------------------------
Detailed RTL Component Info : 
+---Adders : 
	   2 Input   10 Bit       Adders := 1     
	   2 Input    7 Bit       Adders := 1     
	   2 Input    3 Bit       Adders := 1     
+---XORs : 
	   4 Input      1 Bit         XORs := 1     
+---Registers : 
	               10 Bit    Registers := 1     
	                8 Bit    Registers := 2     
	                7 Bit    Registers := 1     
	                3 Bit    Registers := 1     
	                2 Bit    Registers := 1     
	                1 Bit    Registers := 3     
+---Muxes : 
	   4 Input   10 Bit        Muxes := 1     
	   7 Input    8 Bit        Muxes := 1     
	   4 Input    7 Bit        Muxes := 1     
	   2 Input    4 Bit        Muxes := 3     
	   4 Input    1 Bit        Muxes := 3     
	   7 Input    1 Bit        Muxes := 1     
---------------------------------------------------------------------------------
Finished RTL Component Statistics 
---------------------------------------------------------------------------------
---------------------------------------------------------------------------------
Start Part Resource Summary
---------------------------------------------------------------------------------
Part Resources:
DSPs: 120 (col length:60)
BRAMs: 150 (col length: RAMB18 60 RAMB36 30)
---------------------------------------------------------------------------------
Finished Part Resource Summary
---------------------------------------------------------------------------------
---------------------------------------------------------------------------------
Start Cross Boundary and Area Optimization
---------------------------------------------------------------------------------
WARNING: [Synth 8-3917] design Binary_Perception_Game_Top has port an[4] driven by constant 1
WARNING: [Synth 8-3917] design Binary_Perception_Game_Top has port an[3] driven by constant 1
---------------------------------------------------------------------------------
Finished Cross Boundary and Area Optimization : Time (s): cpu = 00:00:14 ; elapsed = 00:00:15 . Memory (MB): peak = 1578.645 ; gain = 826.691
---------------------------------------------------------------------------------
---------------------------------------------------------------------------------
Start Applying XDC Timing Constraints
---------------------------------------------------------------------------------
---------------------------------------------------------------------------------
Finished Applying XDC Timing Constraints : Time (s): cpu = 00:00:17 ; elapsed = 00:00:18 . Memory (MB): peak = 1615.102 ; gain = 863.148
---------------------------------------------------------------------------------
---------------------------------------------------------------------------------
Start Timing Optimization
---------------------------------------------------------------------------------
---------------------------------------------------------------------------------
Finished Timing Optimization : Time (s): cpu = 00:00:17 ; elapsed = 00:00:18 . Memory (MB): peak = 1634.887 ; gain = 882.934
---------------------------------------------------------------------------------
---------------------------------------------------------------------------------
Start Technology Mapping
---------------------------------------------------------------------------------
---------------------------------------------------------------------------------
Finished Technology Mapping : Time (s): cpu = 00:00:18 ; elapsed = 00:00:18 . Memory (MB): peak = 1648.887 ; gain = 896.934
---------------------------------------------------------------------------------
---------------------------------------------------------------------------------
Start IO Insertion
---------------------------------------------------------------------------------
---------------------------------------------------------------------------------
Start Flattening Before IO Insertion
---------------------------------------------------------------------------------
---------------------------------------------------------------------------------
Finished Flattening Before IO Insertion
---------------------------------------------------------------------------------
---------------------------------------------------------------------------------
Start Final Netlist Cleanup
---------------------------------------------------------------------------------
---------------------------------------------------------------------------------
Finished Final Netlist Cleanup
---------------------------------------------------------------------------------
---------------------------------------------------------------------------------
Finished IO Insertion : Time (s): cpu = 00:00:20 ; elapsed = 00:00:21 . Memory (MB): peak = 1874.223 ; gain = 1122.270
---------------------------------------------------------------------------------
---------------------------------------------------------------------------------
Start Renaming Generated Instances
---------------------------------------------------------------------------------
---------------------------------------------------------------------------------
Finished Renaming Generated Instances : Time (s): cpu = 00:00:20 ; elapsed = 00:00:21 . Memory (MB): peak = 1874.223 ; gain = 1122.270
---------------------------------------------------------------------------------
---------------------------------------------------------------------------------
Start Rebuilding User Hierarchy
---------------------------------------------------------------------------------
---------------------------------------------------------------------------------
Finished Rebuilding User Hierarchy : Time (s): cpu = 00:00:20 ; elapsed = 00:00:21 . Memory (MB): peak = 1874.223 ; gain = 1122.270
---------------------------------------------------------------------------------
---------------------------------------------------------------------------------
Start Renaming Generated Ports
---------------------------------------------------------------------------------
---------------------------------------------------------------------------------
Finished Renaming Generated Ports : Time (s): cpu = 00:00:20 ; elapsed = 00:00:21 . Memory (MB): peak = 1874.223 ; gain = 1122.270
---------------------------------------------------------------------------------
---------------------------------------------------------------------------------
Start Handling Custom Attributes
---------------------------------------------------------------------------------
---------------------------------------------------------------------------------
Finished Handling Custom Attributes : Time (s): cpu = 00:00:20 ; elapsed = 00:00:21 . Memory (MB): peak = 1874.223 ; gain = 1122.270
---------------------------------------------------------------------------------
---------------------------------------------------------------------------------
Start Renaming Generated Nets
---------------------------------------------------------------------------------
---------------------------------------------------------------------------------
Finished Renaming Generated Nets : Time (s): cpu = 00:00:20 ; elapsed = 00:00:21 . Memory (MB): peak = 1874.223 ; gain = 1122.270
---------------------------------------------------------------------------------
---------------------------------------------------------------------------------
Start Writing Synthesis Report
---------------------------------------------------------------------------------

Report BlackBoxes: 
+-+--------------+----------+
| |BlackBox name |Instances |
+-+--------------+----------+
+-+--------------+----------+

Report Cell Usage: 
+------+-------+------+
|      |Cell   |Count |
+------+-------+------+
|1     |BUFG   |     1|
|2     |CARRY4 |    28|
|3     |LUT1   |    19|
|4     |LUT2   |    51|
|5     |LUT3   |    27|
|6     |LUT4   |    24|
|7     |LUT5   |    23|
|8     |LUT6   |    82|
|9     |FDRE   |    73|
|10    |FDSE   |     6|
|11    |IBUF   |    12|
|12    |OBUF   |    24|
+------+-------+------+
---------------------------------------------------------------------------------
Finished Writing Synthesis Report : Time (s): cpu = 00:00:20 ; elapsed = 00:00:21 . Memory (MB): peak = 1874.223 ; gain = 1122.270
---------------------------------------------------------------------------------
Synthesis finished with 0 errors, 0 critical warnings and 2 warnings.
Synthesis Optimization Runtime : Time (s): cpu = 00:00:15 ; elapsed = 00:00:20 . Memory (MB): peak = 1874.223 ; gain = 1045.887
Synthesis Optimization Complete : Time (s): cpu = 00:00:20 ; elapsed = 00:00:21 . Memory (MB): peak = 1874.223 ; gain = 1122.270
INFO: [Project 1-571] Translating synthesized netlist
Netlist sorting complete. Time (s): cpu = 00:00:00 ; elapsed = 00:00:00.003 . Memory (MB): peak = 1883.438 ; gain = 0.000
INFO: [Netlist 29-17] Analyzing 28 Unisim elements for replacement
INFO: [Netlist 29-28] Unisim Transformation completed in 0 CPU seconds
INFO: [Project 1-570] Preparing netlist for logic optimization
INFO: [Opt 31-138] Pushed 0 inverter(s) to 0 load pin(s).
Netlist sorting complete. Time (s): cpu = 00:00:00 ; elapsed = 00:00:00 . Memory (MB): peak = 1887.082 ; gain = 0.000
INFO: [Project 1-111] Unisim Transformation Summary:
No Unisim elements were transformed.

Synth Design complete | Checksum: b6b1a749
INFO: [Common 17-83] Releasing license: Synthesis
47 Infos, 2 Warnings, 0 Critical Warnings and 0 Errors encountered.
synth_design completed successfully
synth_design: Time (s): cpu = 00:00:22 ; elapsed = 00:00:25 . Memory (MB): peak = 1887.082 ; gain = 1318.730
Write ShapeDB Complete: Time (s): cpu = 00:00:00 ; elapsed = 00:00:00.001 . Memory (MB): peak = 1887.082 ; gain = 0.000
INFO: [Common 17-1381] The checkpoint 'C:/Users/271012/Downloads/Binary_Perception_Game/Binary_Perception_Game.runs/synth_1/Binary_Perception_Game_Top.dcp' has been generated.
INFO: [Vivado 12-24828] Executing command : report_utilization -file Binary_Perception_Game_Top_utilization_synth.rpt -pb Binary_Perception_Game_Top_utilization_synth.pb
INFO: [Common 17-206] Exiting Vivado at Wed Apr 22 19:17:30 2026...
